<?xml version="1.0" encoding="UTF-8"?>
<!-- Generated by org.testng.reporters.JUnitXMLReporter -->
<testsuite ignored="0" hostname="DESKTOP-ML4V919" failures="0" tests="7" name="Default test" time="31.334" errors="0" timestamp="13 Dec 2017 19:23:11 GMT">
  <testcase classname="com.test.Automation.Automation.homePage.LoginInvalid" name="verifyLogin" time="4.43"/>
  <testcase classname="com.test.Automation.Automation.homePage.LoginInvalid" name="verifyLogin" time="3.647"/>
  <testcase classname="com.test.Automation.Automation.homePage.LoginInvalid" name="verifyLogin" time="0.002">
    <skipped/>
  </testcase> <!-- verifyLogin -->
  <testcase classname="com.test.Automation.Automation.homePage.LoginInvalid" name="verifyLogin" time="0.002">
    <skipped/>
  </testcase> <!-- verifyLogin -->
  <testcase classname="com.test.Automation.Automation.homePage.LoginInvalid" name="verifyLogin" time="0.002">
    <skipped/>
  </testcase> <!-- verifyLogin -->
  <testcase classname="com.test.Automation.Automation.homePage.LoginInvalid" name="verifyLogin" time="0.002">
    <skipped/>
  </testcase> <!-- verifyLogin -->
  <testcase classname="com.test.Automation.Automation.homePage.LoginInvalid" name="verifyLogin" time="3.756"/>
</testsuite> <!-- Default test -->
